<?xml version="1.0" encoding="UTF-8"?>
<!-- Generated by org.testng.reporters.JUnitXMLReporter -->
<testsuite ignored="0" hostname="PC" failures="0" tests="4" name="Default test" time="34.651" errors="0" timestamp="2025-06-04T16:33:53 GMT+07:00">
  <testcase classname="BTVN_Day13.LoginTest_" name="LoginFail_IncorrectEmail" time="3.61"/>
  <testcase classname="BTVN_Day13.LoginTest_" name="LoginFail_IncorrectPassword" time="3.505"/>
  <testcase classname="BTVN_Day13.LoginTest_" name="LoginFunction" time="1.103"/>
  <testcase classname="BTVN_Day13.LoginTest_" name="LogoutFunction" time="8.092"/>
</testsuite> <!-- Default test -->
