<?xml version="1.0" encoding="UTF-8"?>
<testng-results ignored="0" total="4" passed="4" failed="0" skipped="0">
  <reporter-output>
  </reporter-output>
  <suite started-at="2025-06-04T16:33:19 GMT+07:00" name="Default suite" finished-at="2025-06-04T16:33:53 GMT+07:00" duration-ms="34651">
    <groups>
    </groups>
    <test started-at="2025-06-04T16:33:19 GMT+07:00" name="Default test" finished-at="2025-06-04T16:33:53 GMT+07:00" duration-ms="34651">
      <class name="BTVN_Day13.LoginTest_">
        <test-method is-config="true" signature="openBrowser()[pri:0, instance:BTVN_Day13.LoginTest_@770d3326]" started-at="2025-06-04T16:33:19 GMT+07:00" name="openBrowser" finished-at="2025-06-04T16:33:24 GMT+07:00" duration-ms="4881" status="PASS">
          <reporter-output>
          </reporter-output>
        </test-method> <!-- openBrowser -->
        <test-method signature="LoginFail_IncorrectEmail()[pri:0, instance:BTVN_Day13.LoginTest_@770d3326]" started-at="2025-06-04T16:33:24 GMT+07:00" name="LoginFail_IncorrectEmail" finished-at="2025-06-04T16:33:27 GMT+07:00" duration-ms="3610" status="PASS">
          <reporter-output>
          </reporter-output>
        </test-method> <!-- LoginFail_IncorrectEmail -->
        <test-method is-config="true" signature="openBrowser()[pri:0, instance:BTVN_Day13.LoginTest_@770d3326]" started-at="2025-06-04T16:33:27 GMT+07:00" name="openBrowser" finished-at="2025-06-04T16:33:32 GMT+07:00" duration-ms="4504" status="PASS">
          <reporter-output>
          </reporter-output>
        </test-method> <!-- openBrowser -->
        <test-method signature="LoginFail_IncorrectPassword()[pri:0, instance:BTVN_Day13.LoginTest_@770d3326]" started-at="2025-06-04T16:33:32 GMT+07:00" name="LoginFail_IncorrectPassword" finished-at="2025-06-04T16:33:35 GMT+07:00" duration-ms="3505" status="PASS">
          <reporter-output>
          </reporter-output>
        </test-method> <!-- LoginFail_IncorrectPassword -->
        <test-method is-config="true" signature="openBrowser()[pri:0, instance:BTVN_Day13.LoginTest_@770d3326]" started-at="2025-06-04T16:33:35 GMT+07:00" name="openBrowser" finished-at="2025-06-04T16:33:40 GMT+07:00" duration-ms="4465" status="PASS">
          <reporter-output>
          </reporter-output>
        </test-method> <!-- openBrowser -->
        <test-method signature="LoginFunction()[pri:0, instance:BTVN_Day13.LoginTest_@770d3326]" started-at="2025-06-04T16:33:40 GMT+07:00" name="LoginFunction" finished-at="2025-06-04T16:33:41 GMT+07:00" duration-ms="1103" status="PASS">
          <reporter-output>
          </reporter-output>
        </test-method> <!-- LoginFunction -->
        <test-method is-config="true" signature="openBrowser()[pri:0, instance:BTVN_Day13.LoginTest_@770d3326]" started-at="2025-06-04T16:33:41 GMT+07:00" name="openBrowser" finished-at="2025-06-04T16:33:45 GMT+07:00" duration-ms="4431" status="PASS">
          <reporter-output>
          </reporter-output>
        </test-method> <!-- openBrowser -->
        <test-method signature="LogoutFunction()[pri:0, instance:BTVN_Day13.LoginTest_@770d3326]" started-at="2025-06-04T16:33:45 GMT+07:00" name="LogoutFunction" finished-at="2025-06-04T16:33:53 GMT+07:00" duration-ms="8092" status="PASS">
          <reporter-output>
          </reporter-output>
        </test-method> <!-- LogoutFunction -->
      </class> <!-- BTVN_Day13.LoginTest_ -->
    </test> <!-- Default test -->
  </suite> <!-- Default suite -->
</testng-results>
